<beans xmlns="http://www.springframework.org/schema/beans"
       xmlns:xsi="http://www.w3.org/2001/XMLSchema-instance"
       xmlns:tx="http://www.springframework.org/schema/tx"
       xmlns:aop="http://www.springframework.org/schema/aop"
       xsi:schemaLocation="http://www.springframework.org/schema/beans http://www.springframework.org/schema/beans/spring-beans.xsd
    http://www.springframework.org/schema/tx http://www.springframework.org/schema/tx/spring-tx.xsd
    http://www.springframework.org/schema/aop http://www.springframework.org/schema/aop/spring-aop.xsd">

    <!-- Transaction Configuration -->
    <aop:config>
        <aop:pointcut id="serviceOperation" expression="execution(* ec.org.isspol.persistence.dao.*.*(..))"/>
        <aop:advisor pointcut-ref="serviceOperation" advice-ref="txAdvice"/>
    </aop:config>

    <tx:advice id="txAdvice">
        <tx:attributes>
            <!--tx:method name="find*" propagation="REQUIRED" read-only="true"/-->
            <tx:method name="get*" propagation="REQUIRED" read-only="true"/>
            <tx:method name="*" propagation="REQUIRED"/>
        </tx:attributes>
    </tx:advice>

    <bean class="org.springframework.aop.framework.autoproxy.DefaultAdvisorAutoProxyCreator"/>

    <!-- DAOs -->
    <bean id="estadoUsuarioDao" class="ec.org.isspol.persistence.dao.security.impl.EstadoUsuarioDaoImpl"/>
    <bean id="horarioDao" class="ec.org.isspol.persistence.dao.security.impl.HorarioDaoImpl"/>
    <bean id="oficinaDao" class="ec.org.isspol.persistence.dao.security.impl.OficinaDaoImpl"/>
    <bean id="usuarioDao" class="ec.org.isspol.persistence.dao.security.impl.UsuarioDaoImpl"/>
    <bean id="estructuraOrganizacionalDao" class="ec.org.isspol.persistence.dao.security.impl.EstructuraOrganizacionalDaoImpl"/>

</beans>
